2018-10-22 09:50:08 info: API /Login - /api/user/login - ::1 - yuttana76@gmail.com
2018-10-22 09:52:08 info: API /Login - /api/user/login - ::1 - yuttana76@gmail.com
2018-10-22 09:52:48 info: API /Login - /api/user/login - ::1 - yuttana76@gmail.com
2018-10-22 09:53:22 info: API /Login - /api/user/login - ::1 - yuttana76@gmail.com
2018-10-22 09:56:05 info: API /Login - /api/user/login - ::1 - yuttana76@gmail.com
2018-10-22 10:02:40 info: API /Login - /api/user/login - ::1 - yuttana76@gmail.com
2018-10-22 10:02:53 info: API /Login - /api/user/login - ::1 - yuttana76@gmail.com
2018-10-22 10:04:19 info: API /Login - /api/user/login - ::1 - yuttana76@gmail.com
2018-10-22 10:05:07 info: API /Login - /api/user/login - ::1 - yuttana76@gmail.com
2018-10-22 10:28:09 info: API /Login - /api/user/login - ::1 - yuttana76@gmail.com
2018-10-22 10:30:17 info: API /Login - /api/user/login - ::1 - yuttana76@gmail.com
2018-10-22 10:30:56 info: API /Login - /api/user/login - ::1 - yuttana76@gmail.com
2018-10-22 10:42:14 info: API /Login - /api/user/login - ::1 - yuttana76@gmail.com
2018-10-22 10:42:14 info: API /Login Auth failed by incorrect password - /api/user/login - ::1 - yuttana76@gmail.com 
2018-10-22 11:20:04 info: API /custInfo - /api/wr/custInfo/0105495001124 - ::1 - 0105495001124
2018-10-22 11:32:05 info: API /custInfo - /api/wr/custInfo/0105495001124 - ::1 - 0105495001124
2018-10-22 11:34:04 info: API /summaryByCust - /api/wr/summaryByCust/0105495001124 - ::1 - 0105495001124
2018-10-22 11:45:12 info: API /summaryByCust - /api/wr/summaryByCust/0105495001124 - ::1 
2018-10-22 11:48:02 info: API /summaryByCust - /api/wr/summaryByCust/0105495001124 - ::1 -dueDate:undefined
2018-10-22 11:49:43 info: API /summaryByCust - /api/wr/summaryByCust/0105495001124 - ::1 -dueDate:undefined
2018-10-22 11:50:21 info: API /summaryByCust - /api/wr/summaryByCust/0105495001124 - ::1 -dueDate:undefined
2018-10-22 11:50:41 info: API /summaryByCust - /api/wr/summaryByCust/0105495001124 - ::1 -dueDate:undefined
2018-10-22 11:50:55 info: API /summaryByCust - /api/wr/summaryByCust/3100904949129 - ::1 -dueDate:undefined
2018-10-22 11:54:38 info: API /summaryByCust - /api/wr/summaryByCust/3100904949129 - ::1 -dueDate:undefined
2018-10-22 11:54:55 info: API /summaryByCust - /api/wr/summaryByCust/3100904949129 - ::1 -dueDate:undefined
2018-10-22 11:57:38 info: API /summaryByCust - /api/wr/summaryByCust/3100904949129 - ::1 -dueDate:undefined
2018-10-22 11:58:51 info: API /summaryByCust - /api/wr/summaryByCust/3100904949129 - ::1 -dueDate:2018-10-16
2018-10-22 11:59:00 info: API /summaryByCust - /api/wr/summaryByCust/3100904949129 - ::1 -dueDate:2018-10-15
2018-10-22 11:59:09 info: API /summaryByCust - /api/wr/summaryByCust/3100904949129 - ::1 -dueDate:2018-10-16
2018-10-22 13:03:56 info: API /custInfo - /api/wr/custInfo/0105495001124 - ::1 
2018-10-22 13:07:09 info: API /custInfo - /api/wr/custInfo/0105495001124 - ::1 
2018-10-22 13:07:13 info: API /custInfo - /api/wr/custInfo/0105495001124 - ::1 
2018-10-22 13:07:22 info: API /custInfo - /api/wr/custInfo/0105495001124 - ::1 
2018-10-22 13:07:35 info: API /check-auth - /api/wr/custInfo/0105495001124 - ::1 
2018-10-22 13:07:39 info: API /check-auth - /api/wr/custInfo/0105495001124 - ::1 
2018-10-22 13:08:19 info: API /check-auth - /api/wr/custInfo/0105495001124 - ::1 
2018-10-22 13:08:19 info: API /custInfo - /api/wr/custInfo/0105495001124 - ::1 
2018-10-22 13:09:45 info: API /summaryByCust - /api/wr/summaryByCust/3100904949129 - ::1 -dueDate:2018-10-16
2018-10-22 13:09:54 info: API /check-auth - /api/wr/summaryByCust/3100904949129 - ::1 
2018-10-22 13:10:31 info: API /check-auth - /api/wr/summaryByCust/3100904949129 - ::1 
2018-10-22 13:10:31 info: API /summaryByCust - /api/wr/summaryByCust/3100904949129 - ::1 -dueDate:2018-10-16
2018-10-22 13:10:46 info: API /check-auth - /api/wr/summaryByCust/3100904949129 - ::1 
2018-10-22 13:10:46 info: API /summaryByCust - /api/wr/summaryByCust/3100904949129 - ::1 -dueDate:2018-10-16
2018-10-22 13:11:03 info: API /check-auth - /api/wr/summaryByCust/3100904949129 - ::1 
2018-10-22 13:11:03 info: API /summaryByCust - /api/wr/summaryByCust/3100904949129 - ::1 -dueDate:2018-10-16
2018-10-22 13:11:07 info: API /check-auth - /api/wr/custInfo/0105495001124 - ::1 
2018-10-22 13:11:07 info: API /custInfo - /api/wr/custInfo/0105495001124 - ::1 
2018-10-22 13:11:17 info: API /check-auth - /api/wr/custInfo/0105495001124 - ::1 
2018-10-22 13:11:22 info: API /check-auth - /api/wr/custInfo/0105495001124 - ::1 
2018-10-22 13:11:22 info: API /custInfo - /api/wr/custInfo/0105495001124 - ::1 
2018-10-22 13:11:31 info: API /check-auth - /api/wr/summaryByCust/3100904949129 - ::1 
2018-10-22 13:11:36 info: API /check-auth - /api/wr/summaryByCust/3100904949129 - ::1 
2018-10-22 13:11:36 info: API /summaryByCust - /api/wr/summaryByCust/3100904949129 - ::1 -dueDate:2018-10-16
2018-10-22 13:19:57 info: API /check-auth - /api/wr/summaryByCust/3100904949129 - ::1 
2018-10-22 13:19:57 info: API /summaryByCust - /api/wr/summaryByCust/3100904949129 - ::1 -dueDate:2018-10-16
2018-10-22 13:25:43 info: API /check-auth - /api/wr/summaryByCust/3100904949129 - ::1 
2018-10-22 13:25:43 info: API /summaryByCust - /api/wr/summaryByCust/3100904949129 - ::1 -dueDate:2018-10-16
2018-10-22 13:25:51 info: API /check-auth - /api/wr/custInfo/0105495001124 - ::1 
2018-10-22 13:25:51 info: API /custInfo - /api/wr/custInfo/0105495001124 - ::1 
2018-10-22 13:26:02 info: API /check-auth - /api/wr/summaryByCust/0105495001124 - ::1 
2018-10-22 13:26:02 info: API /summaryByCust - /api/wr/summaryByCust/0105495001124 - ::1 -dueDate:2018-10-16
2018-10-22 13:27:24 info: API /check-auth - /api/wr/summaryByCust/3101200143179 - ::1 
2018-10-22 13:27:24 info: API /summaryByCust - /api/wr/summaryByCust/3101200143179 - ::1 -dueDate:2018-10-16
2018-10-22 13:47:27 info: API /check-auth - /api/wr/summaryByCust/3101200143179 - ::1 
2018-10-22 13:47:27 info: API /summaryByCust - /api/wr/summaryByCust/3101200143179 - ::1 -dueDate:2018-10-16
2018-10-22 13:49:41 info: API /check-auth - /api/wr/summaryByCust/3101200143179 - ::1 
2018-10-22 13:49:41 info: API /summaryByCust - /api/wr/summaryByCust/3101200143179 - ::1 -dueDate:2018-10-16
2018-10-22 15:54:49 info: API /check-auth - /api/wr/summary/3101200143179 - ::1 
2018-10-22 15:56:15 info: API /check-auth - /api/wr/summary/3101200143179 - ::1 
2018-10-22 15:56:15 info: API /summaryByCust - /api/wr/summary/3101200143179 - ::1 -dueDate:2018-10-16
2018-10-22 15:56:25 info: API /check-auth - /api/wr/custInfo/0105495001124 - ::1 
2018-10-22 15:56:25 info: API /custInfo - /api/wr/custInfo/0105495001124 - ::1 
2018-10-22 15:58:22 info: API /check-auth - /api/wr/summary/3101200143179 - ::1 
2018-10-22 15:58:22 info: API /summaryByCust - /api/wr/summary/3101200143179 - ::1 -dueDate:undefined
2018-10-22 15:59:38 info: API /check-auth - /api/wr/summary/3101200143179 - ::1 
2018-10-22 15:59:38 info: API /summaryByCust - /api/wr/summary/3101200143179 - ::1 -dueDate:undefined
2018-10-22 16:00:44 info: API /check-auth - /api/wr/summary/3101200143179 - ::1 
2018-10-22 16:00:44 info: API /summaryByCust - /api/wr/summary/3101200143179 - ::1 -dueDate:undefined
2018-10-22 16:01:35 info: API /check-auth - /api/wr/summary/3101200143179 - ::1 
2018-10-22 16:01:35 info: API /summaryByCust - /api/wr/summary/3101200143179 - ::1 -dueDate:undefined
2018-10-22 16:01:48 info: API /check-auth - /api/wr/summary/3101200143179 - ::1 
2018-10-22 16:01:48 info: API /summaryByCust - /api/wr/summary/3101200143179 - ::1 -dueDate:2018-10-16
2018-10-22 16:03:35 info: API /check-auth - /api/wr/dividend/3101200143179 - ::1 
2018-10-22 16:03:35 info: API /dividend - /api/wr/dividend/3101200143179 - ::1 -fromDate:2017-01-01 -toDate:2017-12-31
2018-10-22 16:12:54 info: API /check-auth - /api/wr/onSell/3101200143179 - ::1 
2018-10-22 16:12:54 info: API /onSell - /api/wr/onSell/3101200143179 - ::1 -fromDate:2017-01-01 -toDate:2017-12-31
2018-10-22 16:18:27 info: API /check-auth - /api/wr/dividend/3101200143179 - ::1 
2018-10-22 16:18:27 info: API /dividend - /api/wr/dividend/3101200143179 - ::1 -fromDate:2017-01-01 -toDate:2017-12-31
2018-10-22 16:23:17 info: API /check-auth - /api/wr/dividend/3101200143179 - ::1 
2018-10-22 16:23:17 info: API /dividend - /api/wr/dividend/3101200143179 - ::1 -fromDate:2017-01-01 -toDate:2017-12-31
2018-10-22 16:40:11 info: API /check-auth - /api/wr/transaction/3101200143179 - ::1 
2018-10-22 16:40:11 info: API /transaction - /api/wr/transaction/3101200143179 - ::1 -fromDate:2017-01-01 -toDate:2017-12-31
