2018-10-17 09:17:07 info: userLogin() ENV development - yuttana76@gmail.com - /api/user/login - ::1
2018-10-17 09:29:49 info: userLogin() ENV development - /api/user/login - ::1 - yuttana76@gmail.com
2018-10-17 10:12:22 info: userLogin() ENV development - /api/user/login - ::1 - yuttana76@gmail.com
2018-10-17 10:21:19 info: userLogin() ENV development - /api/user/login - ::1 - yuttana76@gmail.com
2018-10-17 10:24:25 info: userLogin() ENV development - /api/user/login - ::1 - yuttana76@gmail.com
2018-10-17 10:25:59 info: userLogin() ENV development - /api/user/login - ::1 - yuttana@hotmail.com
2018-10-17 11:12:48 info: userLogin() ENV development - /api/user/login - ::1 - yuttana76@gmail.com
2018-10-17 12:28:39 info: userLogin() ENV development - /api/user/login - ::1 - yuttana76@gmail.com
2018-10-17 13:59:29 info: API /Login - /api/user/login - ::1 - yuttana76@gmail.com
2018-10-17 14:05:39 info: API /check-auth - /api/customer/0105541011867 - ::1 
2018-10-17 14:06:06 info: API /check-auth - /api/wipcustomer/ - ::1 
2018-10-17 14:06:06 info: API /check-auth - /api/workFlow//currentLevel?wfRef=2018-10-17-135935273 - ::1 
2018-10-17 14:25:28 info: API /Login - /api/user/login - ::1 - yuttana76@gmail.com
2018-10-17 14:27:32 info: API /Login - /api/user/login - ::1 - yuttana76@gmail.com
2018-10-17 14:30:48 info: API /Login - /api/user/login - ::1 - yuttana76@gmail.com
2018-10-17 14:32:06 info: API /Login - /api/user/login - ::1 - yuttana76@gmail.com
2018-10-17 14:36:09 info: API /Login - /api/user/login - ::1 - yuttana76@gmail.com
2018-10-17 14:41:00 info: API /Login - /api/user/login - ::1 - yuttana76@gmail.com
2018-10-17 14:46:03 info: API /Login - /api/user/login - ::1 - yuttana76@gmail.com
2018-10-17 14:46:56 info: API /Login - /api/user/login - ::1 - yuttana76@gmail.com
2018-10-17 14:47:48 info: API /Login - /api/user/login - ::1 - yuttana76@gmail.com
2018-10-17 14:52:27 info: API /Login - /api/user/login - ::1 - yuttana76@gmail.com
2018-10-17 15:00:48 info: API /Login - /api/user/login - ::1 - yuttana76@gmail.com
2018-10-17 15:01:19 info: API /Login - /api/user/login - ::1 - yuttana76@gmail.com
2018-10-17 15:02:18 info: API /Login - /api/user/login - ::1 - yuttana76@gmail.com
2018-10-17 15:03:32 info: API /Login - /api/user/login - ::1 - yuttana76@gmail.com
2018-10-17 15:04:34 info: API /Login - /api/user/login - ::1 - yuttana76@gmail.com
2018-10-17 15:05:25 info: API /Login - /api/user/login - ::1 - yuttana76@gmail.com
2018-10-17 15:07:04 info: API /Login - /api/user/login - ::1 - yuttana76@gmail.com
2018-10-17 15:09:01 info: API /Login - /api/user/login - ::1 - yuttana76@gmail.com
2018-10-17 15:10:49 info: API /Login - /api/user/login - ::1 - yuttana76@gmail.com
2018-10-17 15:12:28 info: API /Login - /api/user/login - ::1 - yuttana76@gmail.com
2018-10-17 15:20:37 info: API /Login - /api/user/login - ::1 - yuttana76@gmail.com
2018-10-17 15:21:34 info: API /Login - /api/user/login - ::1 - yuttana76@gmail.com
2018-10-17 15:22:40 info: API /Login - /api/user/login - ::1 - yuttana76@gmail.com
2018-10-17 15:29:50 info: API /Login - /api/user/login - ::1 - yuttana76@gmail.com
2018-10-17 15:41:14 info: API /Login - /api/user/login - ::1 - yuttana76@gmail.com
2018-10-17 15:45:37 info: API /Login - /api/user/login - ::1 - yuttana76@gmail.com
2018-10-17 15:48:39 info: API /Login - /api/user/login - ::1 - yuttana76@gmail.com
2018-10-17 15:51:11 info: API /Login - /api/user/login - ::1 - yuttana76@gmail.com
2018-10-17 17:40:48 info: API /Login - /api/user/login - ::1 - yuttana76@gmail.com
