2018-10-18 08:41:18 info: API /Login - /api/user/login - ::1 - yuttana76@gmail.com
2018-10-18 09:22:23 info: API /Login - /api/user/login - ::1 - yuttana76@gmail.com
2018-10-18 09:25:16 info: API /Login - /api/user/login - ::1 - yuttana76@gmail.com
2018-10-18 09:52:28 info: API /Login - /api/user/login - ::1 - yuttana@hotmail.com
2018-10-18 10:29:04 info: API /Login - /api/user/login - ::1 - yuttana@hotmail.com
2018-10-18 15:51:33 info: API /resetPassword - /api/user/resetPassword - ::1 - undefined
2018-10-18 15:52:57 info: API /resetPassword - /api/user/resetPassword - ::1 - bom@gmail.com
2018-10-18 15:54:08 info: API /Login - /api/user/login - ::1 - bom@gmail.com
2018-10-18 15:54:18 info: API /Login - /api/user/login - ::1 - bom@gmail.com
2018-10-18 15:55:33 info: API /resetPassword - /api/user/resetPassword - ::1 - 0105495001124
2018-10-18 15:57:00 info: API /Login - /api/user/login - ::1 - bom@gmail.com
2018-10-18 16:00:19 info: API /resetPassword - /api/user/resetPassword - ::1 - 0105495001124
2018-10-18 16:02:28 info: API /Login - /api/user/login - ::1 - 0105495001124
2018-10-18 16:03:09 info: API /Login - /api/user/login - ::1 - 0105499000271
2018-10-18 16:08:01 info: API /Login - /api/user/login - ::1 - yuttana76@gmail.com
2018-10-18 16:08:01 error: API /Login Auth failed. 2- /api/user/login - ::1 - undefined 
2018-10-18 16:08:51 info: API /Login - /api/user/login - ::1 - yuttana76@gmail.com
2018-10-18 16:08:51 error: API /Login Auth failed. 2- /api/user/login - ::1 - yuttana76@gmail.com 
2018-10-18 16:09:27 info: API /Login - /api/user/login - ::1 - songpol.s@neumerlin.com
2018-10-18 16:11:04 info: API /Login - /api/user/login - ::1 - fdsfds
2018-10-18 16:11:04 warn: API /Login Auth failed by no user - /api/user/login - ::1 - fdsfds 
2018-10-18 16:11:37 info: API /Login - /api/user/login - ::1 - yuttana76@gmail.com
2018-10-18 16:11:37 info: API /Login Auth failed by incorrect password - /api/user/login - ::1 - yuttana76@gmail.com 
2018-10-18 16:15:41 info: API /Login - /api/user/login - ::1 - yuttana76@gmail.com
2018-10-18 16:16:18 info: API /Login - /api/user/login - ::1 - 0105495001124
2018-10-18 16:42:26 info: API /autoGeneratePassword - /api/util/autoGenPwd - ::1 - winteriscomming!-
2018-10-18 16:42:26 warn: API /autoGeneratePassword code Incorrect!  - /api/util/autoGenPwd - ::1 - winteriscomming!-
2018-10-18 16:43:08 info: API /autoGeneratePassword - /api/util/autoGenPwd - ::1 - winteriscomming!-
2018-10-18 16:43:08 warn: API /autoGeneratePassword code Incorrect!  - /api/util/autoGenPwd - ::1 - winteriscomming!-
2018-10-18 16:44:42 info: API /autoGeneratePassword - /api/util/autoGenPwd - ::1 - winteriscomming!-
2018-10-18 16:44:42 warn: API /autoGeneratePassword code Incorrect!  - /api/util/autoGenPwd - ::1 - winteriscomming!-
2018-10-18 16:44:55 info: API /autoGeneratePassword - /api/util/autoGenPwd - ::1 - winteriscomming!
2018-10-18 16:44:55 info: API /autoGeneratePassword code Correct!  - /api/util/autoGenPwd - ::1 - winteriscomming!
2018-10-18 16:45:37 info: API /autoGeneratePassword - /api/util/autoGenPwd - ::1 - winteriscomming!
2018-10-18 16:45:37 info: API /autoGeneratePassword code Correct!  - /api/util/autoGenPwd - ::1 - winteriscomming!
2018-10-18 16:46:15 info: API /autoGeneratePassword - /api/util/autoGenPwd - ::1 - winteriscomming!
2018-10-18 16:46:15 info: API /autoGeneratePassword code Correct!  - /api/util/autoGenPwd - ::1 - winteriscomming!
2018-10-18 16:46:16 info: API /autoGeneratePassword successful  - /api/util/autoGenPwd - ::1 - winteriscomming!
2018-10-18 16:48:57 info: API /autoGeneratePassword - /api/util/autoGenPwd - ::1 - winteriscomming!
2018-10-18 16:48:57 warn: API /autoGeneratePassword code Incorrect!  - /api/util/autoGenPwd - ::1 - winteriscomming!
2018-10-18 16:49:21 info: API /autoGeneratePassword - /api/util/autoGenPwd - ::1 - winteriscomming!
2018-10-18 16:49:21 info: API /autoGeneratePassword code Correct!  - /api/util/autoGenPwd - ::1 - winteriscomming!
2018-10-18 16:49:21 info: API /autoGeneratePassword successful  - /api/util/autoGenPwd - ::1 - winteriscomming!
2018-10-18 16:56:39 info: API /autoGeneratePassword - /api/util/autoGenPwd - ::1 - winteriscomming!
2018-10-18 16:57:30 info: API /autoGeneratePassword - /api/util/autoGenPwd - ::1 - winteriscomming!
2018-10-18 16:58:23 info: API /autoGeneratePassword - /api/util/autoGenPwd - ::1 - winteriscomming!
2018-10-18 16:58:23 info: API /autoGeneratePassword code Correct!  - /api/util/autoGenPwd - ::1 - winteriscomming!
2018-10-18 17:00:24 info: API /autoGeneratePassword - /api/util/autoGenPwd - ::1 - winteriscomming! - undefined
2018-10-18 17:00:58 info: API /autoGeneratePassword - /api/util/autoGenPwd - ::1 - winteriscomming! - undefined
2018-10-18 17:00:58 info: API /autoGeneratePassword code Correct!  - /api/util/autoGenPwd - ::1 
2018-10-18 17:02:19 info: API /autoGeneratePassword - /api/util/autoGenPwd - ::1 - winteriscomming! - undefined
2018-10-18 17:02:19 info: API /autoGeneratePassword code Correct!  - /api/util/autoGenPwd - ::1 
2018-10-18 17:05:38 info: API /autoGeneratePassword - /api/util/autoGenPwd - ::1 - winteriscomming! - 123456
2018-10-18 17:05:38 info: API /autoGeneratePassword code Correct!  - /api/util/autoGenPwd - ::1 
2018-10-18 17:05:38 info: API /autoGeneratePassword successful  - /api/util/autoGenPwd - ::1 - winteriscomming!
2018-10-18 17:06:18 info: API /Login - /api/user/login - ::1 - 0105538096814
2018-10-18 17:08:46 info: API /check-auth - /api/workFlow//wfByAppRef?appRef=0105541011867 - ::1 
2018-10-18 17:08:46 info: API /check-auth - /api/workFlow//wfByAppRef?appRef=0105541011867 - ::1 
2018-10-18 17:08:46 info: API /check-auth - /api/user//userLevel?userId=0105538096814&appId=App1 - ::1 
2018-10-18 17:08:46 info: API /UserLevel - /api/user//userLevel?userId=0105538096814&appId=App1 - ::1 - ;USERID=0105538096814  ;APPID=App1
2018-10-18 17:08:46 info: API /check-auth - /api/user//userLevel?userId=0105538096814&appId=App1 - ::1 
2018-10-18 17:08:46 info: API /UserLevel - /api/user//userLevel?userId=0105538096814&appId=App1 - ::1 - ;USERID=0105538096814  ;APPID=App1
2018-10-18 17:14:36 info: API /Login - /api/user/login - ::1 - yuttana76@gmail.com
2018-10-18 17:14:36 warn: API /Login Auth failed by no user - /api/user/login - ::1 - yuttana76@gmail.com 
2018-10-18 17:14:45 info: API /Login - /api/user/login - ::1 - yuttana76@gmail.com
2018-10-18 17:14:45 warn: API /Login Auth failed by no user - /api/user/login - ::1 - yuttana76@gmail.com 
2018-10-18 17:17:10 info: API /Login - /api/user/login - ::1 - yuttana76@gmail.com
2018-10-18 17:17:44 info: API /Login - /api/user/login - ::1 - 0105531015401
2018-10-18 17:17:44 warn: API /Login Auth failed by no user - /api/user/login - ::1 - 0105531015401 
2018-10-18 17:17:54 info: API /Login - /api/user/login - ::1 - yuttana76@gmail.com
2018-10-18 17:18:04 info: API /Login - /api/user/login - ::1 - bom@gmail.com
2018-10-18 17:18:05 info: API /Login Auth failed by incorrect password - /api/user/login - ::1 - bom@gmail.com 
2018-10-18 17:21:17 info: API /resetPassword - /api/user/resetPassword - ::1 - bom@gmail.com
2018-10-18 17:21:26 info: API /Login - /api/user/login - ::1 - bom@gmail.com
2018-10-18 17:21:34 info: API /check-auth - /api/workFlow//wfByAppRef?appRef=0105541011867 - ::1 
2018-10-18 17:21:34 info: API /check-auth - /api/workFlow//wfByAppRef?appRef=0105541011867 - ::1 
2018-10-18 17:21:34 info: API /check-auth - /api/user//userLevel?userId=bom@gmail.com&appId=App1 - ::1 
2018-10-18 17:21:34 info: API /UserLevel - /api/user//userLevel?userId=bom@gmail.com&appId=App1 - ::1 - ;USERID=bom@gmail.com  ;APPID=App1
2018-10-18 17:21:34 info: API /check-auth - /api/user//userLevel?userId=bom@gmail.com&appId=App1 - ::1 
2018-10-18 17:21:34 info: API /UserLevel - /api/user//userLevel?userId=bom@gmail.com&appId=App1 - ::1 - ;USERID=bom@gmail.com  ;APPID=App1
2018-10-18 17:21:44 info: API /Login - /api/user/login - ::1 - yuttana76@gmail.com
2018-10-18 17:21:47 info: API /check-auth - /api/workFlow//wfByAppRef?appRef=0105541011867 - ::1 
2018-10-18 17:21:47 info: API /check-auth - /api/workFlow//wfByAppRef?appRef=0105541011867 - ::1 
2018-10-18 17:21:47 info: API /check-auth - /api/user//userLevel?userId=yuttana76@gmail.com&appId=App1 - ::1 
2018-10-18 17:21:47 info: API /UserLevel - /api/user//userLevel?userId=yuttana76@gmail.com&appId=App1 - ::1 - ;USERID=yuttana76@gmail.com  ;APPID=App1
2018-10-18 17:21:47 info: API /check-auth - /api/user//userLevel?userId=yuttana76@gmail.com&appId=App1 - ::1 
2018-10-18 17:21:47 info: API /UserLevel - /api/user//userLevel?userId=yuttana76@gmail.com&appId=App1 - ::1 - ;USERID=yuttana76@gmail.com  ;APPID=App1
2018-10-18 17:23:27 info: API /check-auth - /api/customer/0105541011867 - ::1 
2018-10-18 17:23:33 info: API /check-auth - /api/wipcustomer/ - ::1 
2018-10-18 17:28:54 info: API /check-auth - /api/workFlow//wfByAppRef?appRef=0105541011867 - ::1 
2018-10-18 17:28:54 info: API /check-auth - /api/workFlow//wfByAppRef?appRef=0105541011867 - ::1 
2018-10-18 17:28:54 info: API /check-auth - /api/user//userLevel?userId=yuttana76@gmail.com&appId=App1 - ::1 
2018-10-18 17:28:54 info: API /UserLevel - /api/user//userLevel?userId=yuttana76@gmail.com&appId=App1 - ::1 - ;USERID=yuttana76@gmail.com  ;APPID=App1
2018-10-18 17:28:54 info: API /check-auth - /api/user//userLevel?userId=yuttana76@gmail.com&appId=App1 - ::1 
2018-10-18 17:28:54 info: API /UserLevel - /api/user//userLevel?userId=yuttana76@gmail.com&appId=App1 - ::1 - ;USERID=yuttana76@gmail.com  ;APPID=App1
2018-10-18 17:30:51 info: API /Login - /api/user/login - ::1 - yuttana76@gmail.com
2018-10-18 17:30:55 info: API /check-auth - /api/workFlow//wfByAppRef?appRef=0105541011867 - ::1 
2018-10-18 17:30:56 info: API /check-auth - /api/workFlow//wfByAppRef?appRef=0105541011867 - ::1 
2018-10-18 17:30:56 info: API /check-auth - /api/user//userLevel?userId=yuttana76@gmail.com&appId=App1 - ::1 
2018-10-18 17:30:56 info: API /UserLevel - /api/user//userLevel?userId=yuttana76@gmail.com&appId=App1 - ::1 - ;USERID=yuttana76@gmail.com  ;APPID=App1
2018-10-18 17:30:56 info: API /check-auth - /api/user//userLevel?userId=yuttana76@gmail.com&appId=App1 - ::1 
2018-10-18 17:30:56 info: API /UserLevel - /api/user//userLevel?userId=yuttana76@gmail.com&appId=App1 - ::1 - ;USERID=yuttana76@gmail.com  ;APPID=App1
2018-10-18 17:31:47 info: API /Login - /api/user/login - ::1 - yuttana76@gmail.com
2018-10-18 17:31:51 info: API /check-auth - /api/workFlow//wfByAppRef?appRef=0105541011867 - ::1 
2018-10-18 17:31:51 info: API /check-auth - /api/workFlow//wfByAppRef?appRef=0105541011867 - ::1 
2018-10-18 17:31:51 info: API /check-auth - /api/user//userLevel?userId=yuttana76@gmail.com&appId=App1 - ::1 
2018-10-18 17:31:51 info: API /UserLevel - /api/user//userLevel?userId=yuttana76@gmail.com&appId=App1 - ::1 - ;USERID=yuttana76@gmail.com  ;APPID=App1
2018-10-18 17:31:51 info: API /check-auth - /api/user//userLevel?userId=yuttana76@gmail.com&appId=App1 - ::1 
2018-10-18 17:31:51 info: API /UserLevel - /api/user//userLevel?userId=yuttana76@gmail.com&appId=App1 - ::1 - ;USERID=yuttana76@gmail.com  ;APPID=App1
2018-10-18 17:34:04 info: API /Login - /api/user/login - ::1 - yuttana76@gmail.com
2018-10-18 17:34:08 info: API /check-auth - /api/workFlow//wfByAppRef?appRef=0105541011867 - ::1 
2018-10-18 17:34:08 info: API /check-auth - /api/workFlow//wfByAppRef?appRef=0105541011867 - ::1 
2018-10-18 17:34:08 info: API /check-auth - /api/user//userLevel?userId=yuttana76@gmail.com&appId=App1 - ::1 
2018-10-18 17:34:08 info: API /UserLevel - /api/user//userLevel?userId=yuttana76@gmail.com&appId=App1 - ::1 - ;USERID=yuttana76@gmail.com  ;APPID=App1
2018-10-18 17:34:08 info: API /check-auth - /api/user//userLevel?userId=yuttana76@gmail.com&appId=App1 - ::1 
2018-10-18 17:34:08 info: API /UserLevel - /api/user//userLevel?userId=yuttana76@gmail.com&appId=App1 - ::1 - ;USERID=yuttana76@gmail.com  ;APPID=App1
2018-10-18 17:34:41 info: API /Login - /api/user/login - ::1 - yuttana76@gmail.com
2018-10-18 17:34:45 info: API /check-auth - /api/workFlow//wfByAppRef?appRef=0105541011867 - ::1 
2018-10-18 17:34:45 info: API /check-auth - /api/workFlow//wfByAppRef?appRef=0105541011867 - ::1 
2018-10-18 17:34:45 info: API /check-auth - /api/user//userLevel?userId=yuttana76@gmail.com&appId=App1 - ::1 
2018-10-18 17:34:45 info: API /UserLevel - /api/user//userLevel?userId=yuttana76@gmail.com&appId=App1 - ::1 - ;USERID=yuttana76@gmail.com  ;APPID=App1
2018-10-18 17:34:45 info: API /check-auth - /api/user//userLevel?userId=yuttana76@gmail.com&appId=App1 - ::1 
2018-10-18 17:34:45 info: API /UserLevel - /api/user//userLevel?userId=yuttana76@gmail.com&appId=App1 - ::1 - ;USERID=yuttana76@gmail.com  ;APPID=App1
2018-10-18 17:35:36 info: API /Login - /api/user/login - ::1 - yuttana76@gmail.com
2018-10-18 17:35:40 info: API /check-auth - /api/workFlow//wfByAppRef?appRef=0105541011867 - ::1 
2018-10-18 17:35:40 info: API /check-auth - /api/workFlow//wfByAppRef?appRef=0105541011867 - ::1 
2018-10-18 17:35:40 info: API /check-auth - /api/user//userLevel?userId=yuttana76@gmail.com&appId=App1 - ::1 
2018-10-18 17:35:40 info: API /UserLevel - /api/user//userLevel?userId=yuttana76@gmail.com&appId=App1 - ::1 - ;USERID=yuttana76@gmail.com  ;APPID=App1
2018-10-18 17:35:40 info: API /check-auth - /api/user//userLevel?userId=yuttana76@gmail.com&appId=App1 - ::1 
2018-10-18 17:35:40 info: API /UserLevel - /api/user//userLevel?userId=yuttana76@gmail.com&appId=App1 - ::1 - ;USERID=yuttana76@gmail.com  ;APPID=App1
2018-10-18 17:36:08 info: API /Login - /api/user/login - ::1 - yuttana76@gmail.com
2018-10-18 17:36:11 info: API /check-auth - /api/workFlow//wfByAppRef?appRef=0105541011867 - ::1 
2018-10-18 17:36:11 info: API /check-auth - /api/workFlow//wfByAppRef?appRef=0105541011867 - ::1 
2018-10-18 17:36:11 info: API /check-auth - /api/user//userLevel?userId=yuttana76@gmail.com&appId=App1 - ::1 
2018-10-18 17:36:11 info: API /UserLevel - /api/user//userLevel?userId=yuttana76@gmail.com&appId=App1 - ::1 - ;USERID=yuttana76@gmail.com  ;APPID=App1
2018-10-18 17:36:11 info: API /check-auth - /api/user//userLevel?userId=yuttana76@gmail.com&appId=App1 - ::1 
2018-10-18 17:36:11 info: API /UserLevel - /api/user//userLevel?userId=yuttana76@gmail.com&appId=App1 - ::1 - ;USERID=yuttana76@gmail.com  ;APPID=App1
2018-10-18 17:36:41 info: API /Login - /api/user/login - ::1 - yuttana76@gmail.com
2018-10-18 17:36:45 info: API /check-auth - /api/workFlow//wfByAppRef?appRef=0105541011867 - ::1 
2018-10-18 17:36:45 info: API /check-auth - /api/workFlow//wfByAppRef?appRef=0105541011867 - ::1 
2018-10-18 17:36:45 info: API /check-auth - /api/user//userLevel?userId=yuttana76@gmail.com&appId=App1 - ::1 
2018-10-18 17:36:45 info: API /UserLevel - /api/user//userLevel?userId=yuttana76@gmail.com&appId=App1 - ::1 - ;USERID=yuttana76@gmail.com  ;APPID=App1
2018-10-18 17:36:45 info: API /check-auth - /api/user//userLevel?userId=yuttana76@gmail.com&appId=App1 - ::1 
2018-10-18 17:36:45 info: API /UserLevel - /api/user//userLevel?userId=yuttana76@gmail.com&appId=App1 - ::1 - ;USERID=yuttana76@gmail.com  ;APPID=App1
2018-10-18 17:38:08 info: API /Login - /api/user/login - ::1 - yuttana76@gmail.com
2018-10-18 17:38:11 info: API /check-auth - /api/workFlow//wfByAppRef?appRef=0105541011867 - ::1 
2018-10-18 17:38:11 info: API /check-auth - /api/workFlow//wfByAppRef?appRef=0105541011867 - ::1 
2018-10-18 17:38:11 info: API /check-auth - /api/user//userLevel?userId=yuttana76@gmail.com&appId=App1 - ::1 
2018-10-18 17:38:11 info: API /UserLevel - /api/user//userLevel?userId=yuttana76@gmail.com&appId=App1 - ::1 - ;USERID=yuttana76@gmail.com  ;APPID=App1
2018-10-18 17:38:11 info: API /check-auth - /api/user//userLevel?userId=yuttana76@gmail.com&appId=App1 - ::1 
2018-10-18 17:38:11 info: API /UserLevel - /api/user//userLevel?userId=yuttana76@gmail.com&appId=App1 - ::1 - ;USERID=yuttana76@gmail.com  ;APPID=App1
2018-10-18 17:38:40 info: API /Login - /api/user/login - ::1 - bom@gmail.com
2018-10-18 17:38:46 info: API /check-auth - /api/workFlow//wfByAppRef?appRef=0105541011867 - ::1 
2018-10-18 17:38:46 info: API /check-auth - /api/workFlow//wfByAppRef?appRef=0105541011867 - ::1 
2018-10-18 17:38:46 info: API /check-auth - /api/user//userLevel?userId=bom@gmail.com&appId=App1 - ::1 
2018-10-18 17:38:46 info: API /UserLevel - /api/user//userLevel?userId=bom@gmail.com&appId=App1 - ::1 - ;USERID=bom@gmail.com  ;APPID=App1
2018-10-18 17:38:46 info: API /check-auth - /api/user//userLevel?userId=bom@gmail.com&appId=App1 - ::1 
2018-10-18 17:38:46 info: API /UserLevel - /api/user//userLevel?userId=bom@gmail.com&appId=App1 - ::1 - ;USERID=bom@gmail.com  ;APPID=App1
2018-10-18 17:40:11 info: API /Login - /api/user/login - ::1 - yuttana76@gmail.com
2018-10-18 17:40:14 info: API /check-auth - /api/workFlow//wfByAppRef?appRef=0105541011867 - ::1 
2018-10-18 17:40:14 info: API /check-auth - /api/workFlow//wfByAppRef?appRef=0105541011867 - ::1 
2018-10-18 17:40:14 info: API /check-auth - /api/user//userLevel?userId=yuttana76@gmail.com&appId=App1 - ::1 
2018-10-18 17:40:14 info: API /UserLevel - /api/user//userLevel?userId=yuttana76@gmail.com&appId=App1 - ::1 - ;USERID=yuttana76@gmail.com  ;APPID=App1
2018-10-18 17:40:14 info: API /check-auth - /api/user//userLevel?userId=yuttana76@gmail.com&appId=App1 - ::1 
2018-10-18 17:40:14 info: API /UserLevel - /api/user//userLevel?userId=yuttana76@gmail.com&appId=App1 - ::1 - ;USERID=yuttana76@gmail.com  ;APPID=App1
2018-10-18 17:47:31 info: API /Login - /api/user/login - ::1 - yuttana76@gmail.com
2018-10-18 17:47:36 info: API /check-auth - /api/workFlow//wfByAppRef?appRef=0105541011867 - ::1 
2018-10-18 17:47:36 info: API /check-auth - /api/workFlow//wfByAppRef?appRef=0105541011867 - ::1 
2018-10-18 17:47:36 info: API /check-auth - /api/user//userLevel?userId=yuttana76@gmail.com&appId=App1 - ::1 
2018-10-18 17:47:36 info: API /UserLevel - /api/user//userLevel?userId=yuttana76@gmail.com&appId=App1 - ::1 - ;USERID=yuttana76@gmail.com  ;APPID=App1
2018-10-18 17:47:36 info: API /check-auth - /api/user//userLevel?userId=yuttana76@gmail.com&appId=App1 - ::1 
2018-10-18 17:47:36 info: API /UserLevel - /api/user//userLevel?userId=yuttana76@gmail.com&appId=App1 - ::1 - ;USERID=yuttana76@gmail.com  ;APPID=App1
2018-10-18 17:48:08 info: API /Login - /api/user/login - ::1 - yuttana76@gmail.com
2018-10-18 17:48:12 info: API /check-auth - /api/workFlow//wfByAppRef?appRef=0105541011867 - ::1 
2018-10-18 17:48:12 info: API /check-auth - /api/workFlow//wfByAppRef?appRef=0105541011867 - ::1 
2018-10-18 17:48:12 info: API /check-auth - /api/user//userLevel?userId=yuttana76@gmail.com&appId=App1 - ::1 
2018-10-18 17:48:12 info: API /UserLevel - /api/user//userLevel?userId=yuttana76@gmail.com&appId=App1 - ::1 - ;USERID=yuttana76@gmail.com  ;APPID=App1
2018-10-18 17:48:12 info: API /check-auth - /api/user//userLevel?userId=yuttana76@gmail.com&appId=App1 - ::1 
2018-10-18 17:48:12 info: API /UserLevel - /api/user//userLevel?userId=yuttana76@gmail.com&appId=App1 - ::1 - ;USERID=yuttana76@gmail.com  ;APPID=App1
